# JRE version: OpenJDK Runtime Environment Temurin-23.0.1+11 (23.0.1+11) (build 23.0.1+11)
# Java VM: OpenJDK 64-Bit Server VM Temurin-23.0.1+11 (23.0.1+11, mixed mode, sharing, tiered, compressed oops, compressed class ptrs, g1 gc, windows-amd64)
GC Precious Log:
 CardTable entry size: 512
 Card Set container configuration: InlinePtr #cards 5 size 8 Array Of Cards #cards 10 size 36 Howl #buckets 4 coarsen threshold 1843 Howl Bitmap #cards 512 size 80 coarsen threshold 460 Card regions per heap region 1 cards per card region 2048
 CPUs: 8 total, 8 available
 Memory: 7885M
 Large Page Support: Disabled
 NUMA Support: Disabled
 Compressed Oops: Enabled (32-bit)
 Heap Region Size: 1M
 Heap Min Capacity: 8M
 Heap Initial Capacity: 124M
 Heap Max Capacity: 1972M
 Pre-touch: Disabled
 Parallel Workers: 8
 Concurrent Workers: 2
 Concurrent Refinement Workers: 8
 Periodic GC: Disabled
Heap:
 garbage-first heap   total reserved 2019328K, committed 100352K, used 70524K [0x0000000084c00000, 0x0000000100000000)
  region size 1024K, 35 young (35840K), 4 survivors (4096K)
 Metaspace       used 46927K, committed 47808K, reserved 1114112K
  class space    used 6449K, committed 6848K, reserved 1048576K
GC Heap History (20 events):
Event: 3.739 GC heap before
{Heap before GC invocations=6 (full 0):
 garbage-first heap   total reserved 2019328K, committed 55296K, used 42240K [0x0000000084c00000, 0x0000000100000000)
  region size 1024K, 24 young (24576K), 2 survivors (2048K)
 Metaspace       used 27935K, committed 28416K, reserved 1114112K
  class space    used 3480K, committed 3712K, reserved 1048576K
}
Event: 3.741 GC heap after
{Heap after GC invocations=7 (full 0):
 garbage-first heap   total reserved 2019328K, committed 55296K, used 21016K [0x0000000084c00000, 0x0000000100000000)
  region size 1024K, 3 young (3072K), 3 survivors (3072K)
 Metaspace       used 27935K, committed 28416K, reserved 1114112K
  class space    used 3480K, committed 3712K, reserved 1048576K
}
Event: 4.094 GC heap before
{Heap before GC invocations=7 (full 0):
 garbage-first heap   total reserved 2019328K, committed 55296K, used 42520K [0x0000000084c00000, 0x0000000100000000)
  region size 1024K, 25 young (25600K), 3 survivors (3072K)
 Metaspace       used 30021K, committed 30464K, reserved 1114112K
  class space    used 3773K, committed 3968K, reserved 1048576K
}
Event: 4.099 GC heap after
{Heap after GC invocations=8 (full 0):
 garbage-first heap   total reserved 2019328K, committed 55296K, used 23478K [0x0000000084c00000, 0x0000000100000000)
  region size 1024K, 4 young (4096K), 4 survivors (4096K)
 Metaspace       used 30021K, committed 30464K, reserved 1114112K
  class space    used 3773K, committed 3968K, reserved 1048576K
}
Event: 4.528 GC heap before
{Heap before GC invocations=8 (full 0):
 garbage-first heap   total reserved 2019328K, committed 55296K, used 43958K [0x0000000084c00000, 0x0000000100000000)
  region size 1024K, 25 young (25600K), 4 survivors (4096K)
 Metaspace       used 33558K, committed 34112K, reserved 1114112K
  class space    used 4194K, committed 4416K, reserved 1048576K
}
Event: 4.532 GC heap after
{Heap after GC invocations=9 (full 0):
 garbage-first heap   total reserved 2019328K, committed 66560K, used 26668K [0x0000000084c00000, 0x0000000100000000)
  region size 1024K, 4 young (4096K), 4 survivors (4096K)
 Metaspace       used 33558K, committed 34112K, reserved 1114112K
  class space    used 4194K, committed 4416K, reserved 1048576K
}
Event: 4.684 GC heap before
{Heap before GC invocations=9 (full 0):
 garbage-first heap   total reserved 2019328K, committed 66560K, used 53292K [0x0000000084c00000, 0x0000000100000000)
  region size 1024K, 31 young (31744K), 4 survivors (4096K)
 Metaspace       used 34194K, committed 34752K, reserved 1114112K
  class space    used 4260K, committed 4480K, reserved 1048576K
}
Event: 4.689 GC heap after
{Heap after GC invocations=10 (full 0):
 garbage-first heap   total reserved 2019328K, committed 66560K, used 28708K [0x0000000084c00000, 0x0000000100000000)
  region size 1024K, 3 young (3072K), 3 survivors (3072K)
 Metaspace       used 34194K, committed 34752K, reserved 1114112K
  class space    used 4260K, committed 4480K, reserved 1048576K
}
Event: 4.766 GC heap before
{Heap before GC invocations=10 (full 0):
 garbage-first heap   total reserved 2019328K, committed 66560K, used 55332K [0x0000000084c00000, 0x0000000100000000)
  region size 1024K, 29 young (29696K), 3 survivors (3072K)
 Metaspace       used 34242K, committed 34752K, reserved 1114112K
  class space    used 4260K, committed 4480K, reserved 1048576K
}
Event: 4.769 GC heap after
{Heap after GC invocations=11 (full 0):
 garbage-first heap   total reserved 2019328K, committed 66560K, used 30048K [0x0000000084c00000, 0x0000000100000000)
  region size 1024K, 4 young (4096K), 4 survivors (4096K)
 Metaspace       used 34242K, committed 34752K, reserved 1114112K
  class space    used 4260K, committed 4480K, reserved 1048576K
}
Event: 4.809 GC heap before
{Heap before GC invocations=11 (full 0):
 garbage-first heap   total reserved 2019328K, committed 66560K, used 56672K [0x0000000084c00000, 0x0000000100000000)
  region size 1024K, 30 young (30720K), 4 survivors (4096K)
 Metaspace       used 34248K, committed 34816K, reserved 1114112K
  class space    used 4260K, committed 4480K, reserved 1048576K
}
Event: 4.812 GC heap after
{Heap after GC invocations=12 (full 0):
 garbage-first heap   total reserved 2019328K, committed 66560K, used 31659K [0x0000000084c00000, 0x0000000100000000)
  region size 1024K, 4 young (4096K), 4 survivors (4096K)
 Metaspace       used 34248K, committed 34816K, reserved 1114112K
  class space    used 4260K, committed 4480K, reserved 1048576K
}
Event: 4.858 GC heap before
{Heap before GC invocations=12 (full 0):
 garbage-first heap   total reserved 2019328K, committed 66560K, used 57259K [0x0000000084c00000, 0x0000000100000000)
  region size 1024K, 29 young (29696K), 4 survivors (4096K)
 Metaspace       used 34341K, committed 34816K, reserved 1114112K
  class space    used 4277K, committed 4480K, reserved 1048576K
}
Event: 4.861 GC heap after
{Heap after GC invocations=13 (full 0):
 garbage-first heap   total reserved 2019328K, committed 66560K, used 32179K [0x0000000084c00000, 0x0000000100000000)
  region size 1024K, 3 young (3072K), 3 survivors (3072K)
 Metaspace       used 34341K, committed 34816K, reserved 1114112K
  class space    used 4277K, committed 4480K, reserved 1048576K
}
Event: 5.005 GC heap before
{Heap before GC invocations=13 (full 0):
 garbage-first heap   total reserved 2019328K, committed 66560K, used 36275K [0x0000000084c00000, 0x0000000100000000)
  region size 1024K, 8 young (8192K), 3 survivors (3072K)
 Metaspace       used 35523K, committed 36096K, reserved 1114112K
  class space    used 4435K, committed 4736K, reserved 1048576K
}
Event: 5.010 GC heap after
{Heap after GC invocations=14 (full 0):
 garbage-first heap   total reserved 2019328K, committed 100352K, used 32571K [0x0000000084c00000, 0x0000000100000000)
  region size 1024K, 3 young (3072K), 3 survivors (3072K)
 Metaspace       used 35523K, committed 36096K, reserved 1114112K
  class space    used 4435K, committed 4736K, reserved 1048576K
}
Event: 15.912 GC heap before
{Heap before GC invocations=15 (full 0):
 garbage-first heap   total reserved 2019328K, committed 100352K, used 87867K [0x0000000084c00000, 0x0000000100000000)
  region size 1024K, 58 young (59392K), 3 survivors (3072K)
 Metaspace       used 45252K, committed 46016K, reserved 1114112K
  class space    used 6265K, committed 6592K, reserved 1048576K
}
Event: 15.984 GC heap after
{Heap after GC invocations=16 (full 0):
 garbage-first heap   total reserved 2019328K, committed 100352K, used 38107K [0x0000000084c00000, 0x0000000100000000)
  region size 1024K, 8 young (8192K), 8 survivors (8192K)
 Metaspace       used 45252K, committed 46016K, reserved 1114112K
  class space    used 6265K, committed 6592K, reserved 1048576K
}
Event: 47.103 GC heap before
{Heap before GC invocations=16 (full 0):
 garbage-first heap   total reserved 2019328K, committed 100352K, used 83163K [0x0000000084c00000, 0x0000000100000000)
  region size 1024K, 53 young (54272K), 8 survivors (8192K)
 Metaspace       used 46451K, committed 47232K, reserved 1114112K
  class space    used 6405K, committed 6720K, reserved 1048576K
}
Event: 47.258 GC heap after
{Heap after GC invocations=17 (full 0):
 garbage-first heap   total reserved 2019328K, committed 100352K, used 40828K [0x0000000084c00000, 0x0000000100000000)
  region size 1024K, 4 young (4096K), 4 survivors (4096K)
 Metaspace       used 46451K, committed 47232K, reserved 1114112K
  class space    used 6405K, committed 6720K, reserved 1048576K
}

