# JRE version: OpenJDK Runtime Environment Temurin-23.0.1+11 (23.0.1+11) (build 23.0.1+11)
# Java VM: OpenJDK 64-Bit Server VM Temurin-23.0.1+11 (23.0.1+11, mixed mode, sharing, tiered, compressed oops, compressed class ptrs, g1 gc, windows-amd64)
GC Precious Log:
 CardTable entry size: 512
 Card Set container configuration: InlinePtr #cards 5 size 8 Array Of Cards #cards 10 size 36 Howl #buckets 4 coarsen threshold 1843 Howl Bitmap #cards 512 size 80 coarsen threshold 460 Card regions per heap region 1 cards per card region 2048
 CPUs: 8 total, 8 available
 Memory: 7885M
 Large Page Support: Disabled
 NUMA Support: Disabled
 Compressed Oops: Enabled (32-bit)
 Heap Region Size: 1M
 Heap Min Capacity: 8M
 Heap Initial Capacity: 124M
 Heap Max Capacity: 1972M
 Pre-touch: Disabled
 Parallel Workers: 8
 Concurrent Workers: 2
 Concurrent Refinement Workers: 8
 Periodic GC: Disabled
Heap:
 garbage-first heap   total reserved 2019328K, committed 93184K, used 72848K [0x0000000084c00000, 0x0000000100000000)
  region size 1024K, 38 young (38912K), 3 survivors (3072K)
 Metaspace       used 44806K, committed 45696K, reserved 1114112K
  class space    used 6215K, committed 6592K, reserved 1048576K
GC Heap History (20 events):
Event: 4.697 GC heap before
{Heap before GC invocations=6 (full 0):
 garbage-first heap   total reserved 2019328K, committed 58368K, used 43434K [0x0000000084c00000, 0x0000000100000000)
  region size 1024K, 25 young (25600K), 2 survivors (2048K)
 Metaspace       used 27850K, committed 28224K, reserved 1114112K
  class space    used 3446K, committed 3584K, reserved 1048576K
}
Event: 4.700 GC heap after
{Heap after GC invocations=7 (full 0):
 garbage-first heap   total reserved 2019328K, committed 58368K, used 21522K [0x0000000084c00000, 0x0000000100000000)
  region size 1024K, 4 young (4096K), 4 survivors (4096K)
 Metaspace       used 27850K, committed 28224K, reserved 1114112K
  class space    used 3446K, committed 3584K, reserved 1048576K
}
Event: 5.262 GC heap before
{Heap before GC invocations=7 (full 0):
 garbage-first heap   total reserved 2019328K, committed 58368K, used 44050K [0x0000000084c00000, 0x0000000100000000)
  region size 1024K, 27 young (27648K), 4 survivors (4096K)
 Metaspace       used 30660K, committed 31232K, reserved 1114112K
  class space    used 3816K, committed 4096K, reserved 1048576K
}
Event: 5.267 GC heap after
{Heap after GC invocations=8 (full 0):
 garbage-first heap   total reserved 2019328K, committed 58368K, used 23699K [0x0000000084c00000, 0x0000000100000000)
  region size 1024K, 4 young (4096K), 4 survivors (4096K)
 Metaspace       used 30660K, committed 31232K, reserved 1114112K
  class space    used 3816K, committed 4096K, reserved 1048576K
}
Event: 5.706 GC heap before
{Heap before GC invocations=8 (full 0):
 garbage-first heap   total reserved 2019328K, committed 58368K, used 46227K [0x0000000084c00000, 0x0000000100000000)
  region size 1024K, 27 young (27648K), 4 survivors (4096K)
 Metaspace       used 33663K, committed 34240K, reserved 1114112K
  class space    used 4172K, committed 4416K, reserved 1048576K
}
Event: 5.711 GC heap after
{Heap after GC invocations=9 (full 0):
 garbage-first heap   total reserved 2019328K, committed 58368K, used 26870K [0x0000000084c00000, 0x0000000100000000)
  region size 1024K, 4 young (4096K), 4 survivors (4096K)
 Metaspace       used 33663K, committed 34240K, reserved 1114112K
  class space    used 4172K, committed 4416K, reserved 1048576K
}
Event: 5.808 GC heap before
{Heap before GC invocations=9 (full 0):
 garbage-first heap   total reserved 2019328K, committed 58368K, used 47350K [0x0000000084c00000, 0x0000000100000000)
  region size 1024K, 24 young (24576K), 4 survivors (4096K)
 Metaspace       used 34119K, committed 34688K, reserved 1114112K
  class space    used 4223K, committed 4480K, reserved 1048576K
}
Event: 5.811 GC heap after
{Heap after GC invocations=10 (full 0):
 garbage-first heap   total reserved 2019328K, committed 70656K, used 28512K [0x0000000084c00000, 0x0000000100000000)
  region size 1024K, 2 young (2048K), 2 survivors (2048K)
 Metaspace       used 34119K, committed 34688K, reserved 1114112K
  class space    used 4223K, committed 4480K, reserved 1048576K
}
Event: 5.904 GC heap before
{Heap before GC invocations=10 (full 0):
 garbage-first heap   total reserved 2019328K, committed 70656K, used 58208K [0x0000000084c00000, 0x0000000100000000)
  region size 1024K, 31 young (31744K), 2 survivors (2048K)
 Metaspace       used 34171K, committed 34752K, reserved 1114112K
  class space    used 4223K, committed 4480K, reserved 1048576K
}
Event: 5.907 GC heap after
{Heap after GC invocations=11 (full 0):
 garbage-first heap   total reserved 2019328K, committed 70656K, used 30294K [0x0000000084c00000, 0x0000000100000000)
  region size 1024K, 4 young (4096K), 4 survivors (4096K)
 Metaspace       used 34171K, committed 34752K, reserved 1114112K
  class space    used 4223K, committed 4480K, reserved 1048576K
}
Event: 5.966 GC heap before
{Heap before GC invocations=11 (full 0):
 garbage-first heap   total reserved 2019328K, committed 70656K, used 59990K [0x0000000084c00000, 0x0000000100000000)
  region size 1024K, 33 young (33792K), 4 survivors (4096K)
 Metaspace       used 34178K, committed 34752K, reserved 1114112K
  class space    used 4223K, committed 4480K, reserved 1048576K
}
Event: 5.970 GC heap after
{Heap after GC invocations=12 (full 0):
 garbage-first heap   total reserved 2019328K, committed 70656K, used 31670K [0x0000000084c00000, 0x0000000100000000)
  region size 1024K, 4 young (4096K), 4 survivors (4096K)
 Metaspace       used 34178K, committed 34752K, reserved 1114112K
  class space    used 4223K, committed 4480K, reserved 1048576K
}
Event: 6.166 GC heap before
{Heap before GC invocations=12 (full 0):
 garbage-first heap   total reserved 2019328K, committed 70656K, used 60342K [0x0000000084c00000, 0x0000000100000000)
  region size 1024K, 32 young (32768K), 4 survivors (4096K)
 Metaspace       used 35175K, committed 35776K, reserved 1114112K
  class space    used 4402K, committed 4672K, reserved 1048576K
}
Event: 6.169 GC heap after
{Heap after GC invocations=13 (full 0):
 garbage-first heap   total reserved 2019328K, committed 70656K, used 32694K [0x0000000084c00000, 0x0000000100000000)
  region size 1024K, 3 young (3072K), 3 survivors (3072K)
 Metaspace       used 35175K, committed 35776K, reserved 1114112K
  class space    used 4402K, committed 4672K, reserved 1048576K
}
Event: 6.202 GC heap before
{Heap before GC invocations=13 (full 0):
 garbage-first heap   total reserved 2019328K, committed 70656K, used 33718K [0x0000000084c00000, 0x0000000100000000)
  region size 1024K, 5 young (5120K), 3 survivors (3072K)
 Metaspace       used 35506K, committed 36096K, reserved 1114112K
  class space    used 4469K, committed 4736K, reserved 1048576K
}
Event: 6.205 GC heap after
{Heap after GC invocations=14 (full 0):
 garbage-first heap   total reserved 2019328K, committed 93184K, used 32758K [0x0000000084c00000, 0x0000000100000000)
  region size 1024K, 2 young (2048K), 2 survivors (2048K)
 Metaspace       used 35506K, committed 36096K, reserved 1114112K
  class space    used 4469K, committed 4736K, reserved 1048576K
}
Event: 38.178 GC heap before
{Heap before GC invocations=15 (full 0):
 garbage-first heap   total reserved 2019328K, committed 93184K, used 80886K [0x0000000084c00000, 0x0000000100000000)
  region size 1024K, 49 young (50176K), 2 survivors (2048K)
 Metaspace       used 43273K, committed 44160K, reserved 1114112K
  class space    used 6086K, committed 6464K, reserved 1048576K
}
Event: 38.252 GC heap after
{Heap after GC invocations=16 (full 0):
 garbage-first heap   total reserved 2019328K, committed 93184K, used 35698K [0x0000000084c00000, 0x0000000100000000)
  region size 1024K, 4 young (4096K), 4 survivors (4096K)
 Metaspace       used 43273K, committed 44160K, reserved 1114112K
  class space    used 6086K, committed 6464K, reserved 1048576K
}
Event: 51.974 GC heap before
{Heap before GC invocations=16 (full 0):
 garbage-first heap   total reserved 2019328K, committed 93184K, used 78706K [0x0000000084c00000, 0x0000000100000000)
  region size 1024K, 47 young (48128K), 4 survivors (4096K)
 Metaspace       used 43608K, committed 44480K, reserved 1114112K
  class space    used 6098K, committed 6464K, reserved 1048576K
}
Event: 51.993 GC heap after
{Heap after GC invocations=17 (full 0):
 garbage-first heap   total reserved 2019328K, committed 93184K, used 38032K [0x0000000084c00000, 0x0000000100000000)
  region size 1024K, 3 young (3072K), 3 survivors (3072K)
 Metaspace       used 43608K, committed 44480K, reserved 1114112K
  class space    used 6098K, committed 6464K, reserved 1048576K
}

