# JRE version: OpenJDK Runtime Environment Temurin-23.0.1+11 (23.0.1+11) (build 23.0.1+11)
# Java VM: OpenJDK 64-Bit Server VM Temurin-23.0.1+11 (23.0.1+11, mixed mode, sharing, tiered, compressed oops, compressed class ptrs, g1 gc, windows-amd64)
GC Precious Log:
 CardTable entry size: 512
 Card Set container configuration: InlinePtr #cards 5 size 8 Array Of Cards #cards 10 size 36 Howl #buckets 4 coarsen threshold 1843 Howl Bitmap #cards 512 size 80 coarsen threshold 460 Card regions per heap region 1 cards per card region 2048
 CPUs: 8 total, 8 available
 Memory: 7885M
 Large Page Support: Disabled
 NUMA Support: Disabled
 Compressed Oops: Enabled (32-bit)
 Heap Region Size: 1M
 Heap Min Capacity: 8M
 Heap Initial Capacity: 124M
 Heap Max Capacity: 1972M
 Pre-touch: Disabled
 Parallel Workers: 8
 Concurrent Workers: 2
 Concurrent Refinement Workers: 8
 Periodic GC: Disabled
Heap:
 garbage-first heap   total reserved 2019328K, committed 66560K, used 48177K [0x0000000084c00000, 0x0000000100000000)
  region size 1024K, 17 young (17408K), 4 survivors (4096K)
 Metaspace       used 43736K, committed 44352K, reserved 1114112K
  class space    used 5996K, committed 6272K, reserved 1048576K
GC Heap History (20 events):
Event: 7.897 GC heap before
{Heap before GC invocations=5 (full 0):
 garbage-first heap   total reserved 2019328K, committed 55296K, used 38806K [0x0000000084c00000, 0x0000000100000000)
  region size 1024K, 25 young (25600K), 4 survivors (4096K)
 Metaspace       used 29755K, committed 30080K, reserved 1114112K
  class space    used 3452K, committed 3584K, reserved 1048576K
}
Event: 7.904 GC heap after
{Heap after GC invocations=6 (full 0):
 garbage-first heap   total reserved 2019328K, committed 55296K, used 22160K [0x0000000084c00000, 0x0000000100000000)
  region size 1024K, 4 young (4096K), 4 survivors (4096K)
 Metaspace       used 29755K, committed 30080K, reserved 1114112K
  class space    used 3452K, committed 3584K, reserved 1048576K
}
Event: 8.061 GC heap before
{Heap before GC invocations=6 (full 0):
 garbage-first heap   total reserved 2019328K, committed 55296K, used 41616K [0x0000000084c00000, 0x0000000100000000)
  region size 1024K, 23 young (23552K), 4 survivors (4096K)
 Metaspace       used 29894K, committed 30208K, reserved 1114112K
  class space    used 3452K, committed 3584K, reserved 1048576K
}
Event: 8.068 GC heap after
{Heap after GC invocations=7 (full 0):
 garbage-first heap   total reserved 2019328K, committed 55296K, used 24697K [0x0000000084c00000, 0x0000000100000000)
  region size 1024K, 3 young (3072K), 3 survivors (3072K)
 Metaspace       used 29894K, committed 30208K, reserved 1114112K
  class space    used 3452K, committed 3584K, reserved 1048576K
}
Event: 8.319 GC heap before
{Heap before GC invocations=7 (full 0):
 garbage-first heap   total reserved 2019328K, committed 55296K, used 43129K [0x0000000084c00000, 0x0000000100000000)
  region size 1024K, 21 young (21504K), 3 survivors (3072K)
 Metaspace       used 30031K, committed 30336K, reserved 1114112K
  class space    used 3465K, committed 3584K, reserved 1048576K
}
Event: 8.323 GC heap after
{Heap after GC invocations=8 (full 0):
 garbage-first heap   total reserved 2019328K, committed 55296K, used 26227K [0x0000000084c00000, 0x0000000100000000)
  region size 1024K, 2 young (2048K), 2 survivors (2048K)
 Metaspace       used 30031K, committed 30336K, reserved 1114112K
  class space    used 3465K, committed 3584K, reserved 1048576K
}
Event: 8.936 GC heap before
{Heap before GC invocations=8 (full 0):
 garbage-first heap   total reserved 2019328K, committed 55296K, used 43635K [0x0000000084c00000, 0x0000000100000000)
  region size 1024K, 20 young (20480K), 2 survivors (2048K)
 Metaspace       used 33565K, committed 34112K, reserved 1114112K
  class space    used 4038K, committed 4288K, reserved 1048576K
}
Event: 8.941 GC heap after
{Heap after GC invocations=9 (full 0):
 garbage-first heap   total reserved 2019328K, committed 55296K, used 27112K [0x0000000084c00000, 0x0000000100000000)
  region size 1024K, 3 young (3072K), 3 survivors (3072K)
 Metaspace       used 33565K, committed 34112K, reserved 1114112K
  class space    used 4038K, committed 4288K, reserved 1048576K
}
Event: 9.515 GC heap before
{Heap before GC invocations=10 (full 0):
 garbage-first heap   total reserved 2019328K, committed 55296K, used 45544K [0x0000000084c00000, 0x0000000100000000)
  region size 1024K, 21 young (21504K), 3 survivors (3072K)
 Metaspace       used 36841K, committed 37568K, reserved 1114112K
  class space    used 4832K, committed 5120K, reserved 1048576K
}
Event: 9.524 GC heap after
{Heap after GC invocations=11 (full 0):
 garbage-first heap   total reserved 2019328K, committed 55296K, used 28769K [0x0000000084c00000, 0x0000000100000000)
  region size 1024K, 3 young (3072K), 3 survivors (3072K)
 Metaspace       used 36841K, committed 37568K, reserved 1114112K
  class space    used 4832K, committed 5120K, reserved 1048576K
}
Event: 30.345 GC heap before
{Heap before GC invocations=11 (full 0):
 garbage-first heap   total reserved 2019328K, committed 55296K, used 46177K [0x0000000084c00000, 0x0000000100000000)
  region size 1024K, 21 young (21504K), 3 survivors (3072K)
 Metaspace       used 39239K, committed 40064K, reserved 1114112K
  class space    used 5410K, committed 5760K, reserved 1048576K
}
Event: 30.429 GC heap after
{Heap after GC invocations=12 (full 0):
 garbage-first heap   total reserved 2019328K, committed 55296K, used 30411K [0x0000000084c00000, 0x0000000100000000)
  region size 1024K, 3 young (3072K), 3 survivors (3072K)
 Metaspace       used 39239K, committed 40064K, reserved 1114112K
  class space    used 5410K, committed 5760K, reserved 1048576K
}
Event: 35.786 GC heap before
{Heap before GC invocations=12 (full 0):
 garbage-first heap   total reserved 2019328K, committed 55296K, used 45771K [0x0000000084c00000, 0x0000000100000000)
  region size 1024K, 19 young (19456K), 3 survivors (3072K)
 Metaspace       used 40914K, committed 41792K, reserved 1114112K
  class space    used 5718K, committed 6080K, reserved 1048576K
}
Event: 35.800 GC heap after
{Heap after GC invocations=13 (full 0):
 garbage-first heap   total reserved 2019328K, committed 55296K, used 31489K [0x0000000084c00000, 0x0000000100000000)
  region size 1024K, 2 young (2048K), 2 survivors (2048K)
 Metaspace       used 40914K, committed 41792K, reserved 1114112K
  class space    used 5718K, committed 6080K, reserved 1048576K
}
Event: 36.194 GC heap before
{Heap before GC invocations=14 (full 0):
 garbage-first heap   total reserved 2019328K, committed 55296K, used 47873K [0x0000000084c00000, 0x0000000100000000)
  region size 1024K, 18 young (18432K), 2 survivors (2048K)
 Metaspace       used 40517K, committed 41856K, reserved 1114112K
  class space    used 5580K, committed 6080K, reserved 1048576K
}
Event: 36.197 GC heap after
{Heap after GC invocations=15 (full 0):
 garbage-first heap   total reserved 2019328K, committed 55296K, used 32555K [0x0000000084c00000, 0x0000000100000000)
  region size 1024K, 3 young (3072K), 3 survivors (3072K)
 Metaspace       used 40517K, committed 41856K, reserved 1114112K
  class space    used 5580K, committed 6080K, reserved 1048576K
}
Event: 36.499 GC heap before
{Heap before GC invocations=15 (full 0):
 garbage-first heap   total reserved 2019328K, committed 55296K, used 46891K [0x0000000084c00000, 0x0000000100000000)
  region size 1024K, 17 young (17408K), 3 survivors (3072K)
 Metaspace       used 40863K, committed 41920K, reserved 1114112K
  class space    used 5636K, committed 6080K, reserved 1048576K
}
Event: 36.507 GC heap after
{Heap after GC invocations=16 (full 0):
 garbage-first heap   total reserved 2019328K, committed 66560K, used 33517K [0x0000000084c00000, 0x0000000100000000)
  region size 1024K, 3 young (3072K), 3 survivors (3072K)
 Metaspace       used 40863K, committed 41920K, reserved 1114112K
  class space    used 5636K, committed 6080K, reserved 1048576K
}
Event: 43.245 GC heap before
{Heap before GC invocations=16 (full 0):
 garbage-first heap   total reserved 2019328K, committed 66560K, used 57069K [0x0000000084c00000, 0x0000000100000000)
  region size 1024K, 27 young (27648K), 3 survivors (3072K)
 Metaspace       used 43445K, committed 44096K, reserved 1114112K
  class space    used 5985K, committed 6272K, reserved 1048576K
}
Event: 43.251 GC heap after
{Heap after GC invocations=17 (full 0):
 garbage-first heap   total reserved 2019328K, committed 66560K, used 35889K [0x0000000084c00000, 0x0000000100000000)
  region size 1024K, 4 young (4096K), 4 survivors (4096K)
 Metaspace       used 43445K, committed 44096K, reserved 1114112K
  class space    used 5985K, committed 6272K, reserved 1048576K
}

