# JRE version: OpenJDK Runtime Environment Temurin-23.0.1+11 (23.0.1+11) (build 23.0.1+11)
# Java VM: OpenJDK 64-Bit Server VM Temurin-23.0.1+11 (23.0.1+11, mixed mode, sharing, tiered, compressed oops, compressed class ptrs, g1 gc, windows-amd64)
GC Precious Log:
 CardTable entry size: 512
 Card Set container configuration: InlinePtr #cards 5 size 8 Array Of Cards #cards 10 size 36 Howl #buckets 4 coarsen threshold 1843 Howl Bitmap #cards 512 size 80 coarsen threshold 460 Card regions per heap region 1 cards per card region 2048
 CPUs: 8 total, 8 available
 Memory: 7885M
 Large Page Support: Disabled
 NUMA Support: Disabled
 Compressed Oops: Enabled (32-bit)
 Heap Region Size: 1M
 Heap Min Capacity: 8M
 Heap Initial Capacity: 124M
 Heap Max Capacity: 1972M
 Pre-touch: Disabled
 Parallel Workers: 8
 Concurrent Workers: 2
 Concurrent Refinement Workers: 8
 Periodic GC: Disabled
Heap:
 garbage-first heap   total reserved 2019328K, committed 263168K, used 232078K [0x0000000084c00000, 0x0000000100000000)
  region size 1024K, 72 young (73728K), 0 survivors (0K)
 Metaspace       used 66628K, committed 67200K, reserved 1114112K
  class space    used 8457K, committed 8704K, reserved 1048576K
GC Heap History (20 events):
Event: 79.780 GC heap before
{Heap before GC invocations=35 (full 0):
 garbage-first heap   total reserved 2019328K, committed 151552K, used 149567K [0x0000000084c00000, 0x0000000100000000)
  region size 1024K, 41 young (41984K), 2 survivors (2048K)
 Metaspace       used 56671K, committed 57216K, reserved 1114112K
  class space    used 7350K, committed 7616K, reserved 1048576K
}
Event: 79.807 GC heap after
{Heap after GC invocations=36 (full 0):
 garbage-first heap   total reserved 2019328K, committed 178176K, used 124046K [0x0000000084c00000, 0x0000000100000000)
  region size 1024K, 6 young (6144K), 6 survivors (6144K)
 Metaspace       used 56671K, committed 57216K, reserved 1114112K
  class space    used 7350K, committed 7616K, reserved 1048576K
}
Event: 80.957 GC heap before
{Heap before GC invocations=36 (full 0):
 garbage-first heap   total reserved 2019328K, committed 178176K, used 162958K [0x0000000084c00000, 0x0000000100000000)
  region size 1024K, 30 young (30720K), 6 survivors (6144K)
 Metaspace       used 56841K, committed 57344K, reserved 1114112K
  class space    used 7371K, committed 7616K, reserved 1048576K
}
Event: 80.985 GC heap after
{Heap after GC invocations=37 (full 0):
 garbage-first heap   total reserved 2019328K, committed 190464K, used 149276K [0x0000000084c00000, 0x0000000100000000)
  region size 1024K, 4 young (4096K), 4 survivors (4096K)
 Metaspace       used 56841K, committed 57344K, reserved 1114112K
  class space    used 7371K, committed 7616K, reserved 1048576K
}
Event: 82.448 GC heap before
{Heap before GC invocations=37 (full 0):
 garbage-first heap   total reserved 2019328K, committed 190464K, used 165660K [0x0000000084c00000, 0x0000000100000000)
  region size 1024K, 20 young (20480K), 4 survivors (4096K)
 Metaspace       used 57005K, committed 57536K, reserved 1114112K
  class space    used 7388K, committed 7616K, reserved 1048576K
}
Event: 82.460 GC heap after
{Heap after GC invocations=38 (full 0):
 garbage-first heap   total reserved 2019328K, committed 190464K, used 154567K [0x0000000084c00000, 0x0000000100000000)
  region size 1024K, 3 young (3072K), 3 survivors (3072K)
 Metaspace       used 57005K, committed 57536K, reserved 1114112K
  class space    used 7388K, committed 7616K, reserved 1048576K
}
Event: 83.151 GC heap before
{Heap before GC invocations=39 (full 0):
 garbage-first heap   total reserved 2019328K, committed 230400K, used 152519K [0x0000000084c00000, 0x0000000100000000)
  region size 1024K, 18 young (18432K), 3 survivors (3072K)
 Metaspace       used 57037K, committed 57536K, reserved 1114112K
  class space    used 7391K, committed 7616K, reserved 1048576K
}
Event: 83.156 GC heap after
{Heap after GC invocations=40 (full 0):
 garbage-first heap   total reserved 2019328K, committed 230400K, used 141042K [0x0000000084c00000, 0x0000000100000000)
  region size 1024K, 3 young (3072K), 3 survivors (3072K)
 Metaspace       used 57037K, committed 57536K, reserved 1114112K
  class space    used 7391K, committed 7616K, reserved 1048576K
}
Event: 84.435 GC heap before
{Heap before GC invocations=40 (full 0):
 garbage-first heap   total reserved 2019328K, committed 230400K, used 193266K [0x0000000084c00000, 0x0000000100000000)
  region size 1024K, 55 young (56320K), 3 survivors (3072K)
 Metaspace       used 57061K, committed 57600K, reserved 1114112K
  class space    used 7391K, committed 7616K, reserved 1048576K
}
Event: 84.448 GC heap after
{Heap after GC invocations=41 (full 0):
 garbage-first heap   total reserved 2019328K, committed 230400K, used 141934K [0x0000000084c00000, 0x0000000100000000)
  region size 1024K, 7 young (7168K), 7 survivors (7168K)
 Metaspace       used 57061K, committed 57600K, reserved 1114112K
  class space    used 7391K, committed 7616K, reserved 1048576K
}
Event: 85.173 GC heap before
{Heap before GC invocations=41 (full 0):
 garbage-first heap   total reserved 2019328K, committed 230400K, used 193134K [0x0000000084c00000, 0x0000000100000000)
  region size 1024K, 57 young (58368K), 7 survivors (7168K)
 Metaspace       used 57410K, committed 57920K, reserved 1114112K
  class space    used 7419K, committed 7680K, reserved 1048576K
}
Event: 85.184 GC heap after
{Heap after GC invocations=42 (full 0):
 garbage-first heap   total reserved 2019328K, committed 230400K, used 148798K [0x0000000084c00000, 0x0000000100000000)
  region size 1024K, 7 young (7168K), 7 survivors (7168K)
 Metaspace       used 57410K, committed 57920K, reserved 1114112K
  class space    used 7419K, committed 7680K, reserved 1048576K
}
Event: 88.122 GC heap before
{Heap before GC invocations=43 (full 0):
 garbage-first heap   total reserved 2019328K, committed 249856K, used 220478K [0x0000000084c00000, 0x0000000100000000)
  region size 1024K, 56 young (57344K), 7 survivors (7168K)
 Metaspace       used 62272K, committed 62848K, reserved 1114112K
  class space    used 8022K, committed 8256K, reserved 1048576K
}
Event: 88.131 GC heap after
{Heap after GC invocations=44 (full 0):
 garbage-first heap   total reserved 2019328K, committed 249856K, used 160009K [0x0000000084c00000, 0x0000000100000000)
  region size 1024K, 5 young (5120K), 5 survivors (5120K)
 Metaspace       used 62272K, committed 62848K, reserved 1114112K
  class space    used 8022K, committed 8256K, reserved 1048576K
}
Event: 89.050 GC heap before
{Heap before GC invocations=44 (full 0):
 garbage-first heap   total reserved 2019328K, committed 249856K, used 217353K [0x0000000084c00000, 0x0000000100000000)
  region size 1024K, 62 young (63488K), 5 survivors (5120K)
 Metaspace       used 64491K, committed 65024K, reserved 1114112K
  class space    used 8330K, committed 8576K, reserved 1048576K
}
Event: 89.058 GC heap after
{Heap after GC invocations=45 (full 0):
 garbage-first heap   total reserved 2019328K, committed 249856K, used 153317K [0x0000000084c00000, 0x0000000100000000)
  region size 1024K, 6 young (6144K), 6 survivors (6144K)
 Metaspace       used 64491K, committed 65024K, reserved 1114112K
  class space    used 8330K, committed 8576K, reserved 1048576K
}
Event: 116.146 GC heap before
{Heap before GC invocations=45 (full 0):
 garbage-first heap   total reserved 2019328K, committed 249856K, used 214757K [0x0000000084c00000, 0x0000000100000000)
  region size 1024K, 67 young (68608K), 6 survivors (6144K)
 Metaspace       used 65640K, committed 66176K, reserved 1114112K
  class space    used 8418K, committed 8640K, reserved 1048576K
}
Event: 116.264 GC heap after
{Heap after GC invocations=46 (full 0):
 garbage-first heap   total reserved 2019328K, committed 249856K, used 156511K [0x0000000084c00000, 0x0000000100000000)
  region size 1024K, 6 young (6144K), 6 survivors (6144K)
 Metaspace       used 65640K, committed 66176K, reserved 1114112K
  class space    used 8418K, committed 8640K, reserved 1048576K
}
Event: 141.705 GC heap before
{Heap before GC invocations=47 (full 0):
 garbage-first heap   total reserved 2019328K, committed 263168K, used 217951K [0x0000000084c00000, 0x0000000100000000)
  region size 1024K, 67 young (68608K), 6 survivors (6144K)
 Metaspace       used 66084K, committed 66688K, reserved 1114112K
  class space    used 8445K, committed 8704K, reserved 1048576K
}
Event: 141.749 GC heap after
{Heap after GC invocations=48 (full 0):
 garbage-first heap   total reserved 2019328K, committed 263168K, used 158350K [0x0000000084c00000, 0x0000000100000000)
  region size 1024K, 5 young (5120K), 5 survivors (5120K)
 Metaspace       used 66084K, committed 66688K, reserved 1114112K
  class space    used 8445K, committed 8704K, reserved 1048576K
}

