# JRE version: OpenJDK Runtime Environment Temurin-23.0.1+11 (23.0.1+11) (build 23.0.1+11)
# Java VM: OpenJDK 64-Bit Server VM Temurin-23.0.1+11 (23.0.1+11, mixed mode, sharing, tiered, compressed oops, compressed class ptrs, g1 gc, windows-amd64)
GC Precious Log:
 CardTable entry size: 512
 Card Set container configuration: InlinePtr #cards 5 size 8 Array Of Cards #cards 10 size 36 Howl #buckets 4 coarsen threshold 1843 Howl Bitmap #cards 512 size 80 coarsen threshold 460 Card regions per heap region 1 cards per card region 2048
 CPUs: 8 total, 8 available
 Memory: 7885M
 Large Page Support: Disabled
 NUMA Support: Disabled
 Compressed Oops: Enabled (32-bit)
 Heap Region Size: 1M
 Heap Min Capacity: 8M
 Heap Initial Capacity: 124M
 Heap Max Capacity: 1972M
 Pre-touch: Disabled
 Parallel Workers: 8
 Concurrent Workers: 2
 Concurrent Refinement Workers: 8
 Periodic GC: Disabled
Heap:
 garbage-first heap   total reserved 2019328K, committed 92160K, used 69258K [0x0000000084c00000, 0x0000000100000000)
  region size 1024K, 34 young (34816K), 3 survivors (3072K)
 Metaspace       used 44771K, committed 45696K, reserved 1114112K
  class space    used 6279K, committed 6656K, reserved 1048576K
GC Heap History (20 events):
Event: 4.448 GC heap before
{Heap before GC invocations=6 (full 0):
 garbage-first heap   total reserved 2019328K, committed 55296K, used 42353K [0x0000000084c00000, 0x0000000100000000)
  region size 1024K, 24 young (24576K), 2 survivors (2048K)
 Metaspace       used 27964K, committed 28480K, reserved 1114112K
  class space    used 3487K, committed 3712K, reserved 1048576K
}
Event: 4.451 GC heap after
{Heap after GC invocations=7 (full 0):
 garbage-first heap   total reserved 2019328K, committed 55296K, used 21408K [0x0000000084c00000, 0x0000000100000000)
  region size 1024K, 3 young (3072K), 3 survivors (3072K)
 Metaspace       used 27964K, committed 28480K, reserved 1114112K
  class space    used 3487K, committed 3712K, reserved 1048576K
}
Event: 4.817 GC heap before
{Heap before GC invocations=7 (full 0):
 garbage-first heap   total reserved 2019328K, committed 55296K, used 42912K [0x0000000084c00000, 0x0000000100000000)
  region size 1024K, 25 young (25600K), 3 survivors (3072K)
 Metaspace       used 30061K, committed 30656K, reserved 1114112K
  class space    used 3780K, committed 4032K, reserved 1048576K
}
Event: 4.821 GC heap after
{Heap after GC invocations=8 (full 0):
 garbage-first heap   total reserved 2019328K, committed 55296K, used 23770K [0x0000000084c00000, 0x0000000100000000)
  region size 1024K, 4 young (4096K), 4 survivors (4096K)
 Metaspace       used 30061K, committed 30656K, reserved 1114112K
  class space    used 3780K, committed 4032K, reserved 1048576K
}
Event: 5.230 GC heap before
{Heap before GC invocations=8 (full 0):
 garbage-first heap   total reserved 2019328K, committed 55296K, used 44250K [0x0000000084c00000, 0x0000000100000000)
  region size 1024K, 25 young (25600K), 4 survivors (4096K)
 Metaspace       used 33557K, committed 34048K, reserved 1114112K
  class space    used 4192K, committed 4416K, reserved 1048576K
}
Event: 5.235 GC heap after
{Heap after GC invocations=9 (full 0):
 garbage-first heap   total reserved 2019328K, committed 55296K, used 26761K [0x0000000084c00000, 0x0000000100000000)
  region size 1024K, 4 young (4096K), 4 survivors (4096K)
 Metaspace       used 33557K, committed 34048K, reserved 1114112K
  class space    used 4192K, committed 4416K, reserved 1048576K
}
Event: 5.380 GC heap before
{Heap before GC invocations=9 (full 0):
 garbage-first heap   total reserved 2019328K, committed 55296K, used 45193K [0x0000000084c00000, 0x0000000100000000)
  region size 1024K, 23 young (23552K), 4 survivors (4096K)
 Metaspace       used 34121K, committed 34688K, reserved 1114112K
  class space    used 4241K, committed 4480K, reserved 1048576K
}
Event: 5.384 GC heap after
{Heap after GC invocations=10 (full 0):
 garbage-first heap   total reserved 2019328K, committed 66560K, used 28355K [0x0000000084c00000, 0x0000000100000000)
  region size 1024K, 2 young (2048K), 2 survivors (2048K)
 Metaspace       used 34121K, committed 34688K, reserved 1114112K
  class space    used 4241K, committed 4480K, reserved 1048576K
}
Event: 5.475 GC heap before
{Heap before GC invocations=10 (full 0):
 garbage-first heap   total reserved 2019328K, committed 66560K, used 56003K [0x0000000084c00000, 0x0000000100000000)
  region size 1024K, 29 young (29696K), 2 survivors (2048K)
 Metaspace       used 34188K, committed 34752K, reserved 1114112K
  class space    used 4241K, committed 4480K, reserved 1048576K
}
Event: 5.478 GC heap after
{Heap after GC invocations=11 (full 0):
 garbage-first heap   total reserved 2019328K, committed 66560K, used 29450K [0x0000000084c00000, 0x0000000100000000)
  region size 1024K, 3 young (3072K), 3 survivors (3072K)
 Metaspace       used 34188K, committed 34752K, reserved 1114112K
  class space    used 4241K, committed 4480K, reserved 1048576K
}
Event: 5.556 GC heap before
{Heap before GC invocations=11 (full 0):
 garbage-first heap   total reserved 2019328K, committed 66560K, used 57098K [0x0000000084c00000, 0x0000000100000000)
  region size 1024K, 30 young (30720K), 3 survivors (3072K)
 Metaspace       used 34193K, committed 34752K, reserved 1114112K
  class space    used 4241K, committed 4480K, reserved 1048576K
}
Event: 5.560 GC heap after
{Heap after GC invocations=12 (full 0):
 garbage-first heap   total reserved 2019328K, committed 66560K, used 31612K [0x0000000084c00000, 0x0000000100000000)
  region size 1024K, 4 young (4096K), 4 survivors (4096K)
 Metaspace       used 34193K, committed 34752K, reserved 1114112K
  class space    used 4241K, committed 4480K, reserved 1048576K
}
Event: 5.616 GC heap before
{Heap before GC invocations=12 (full 0):
 garbage-first heap   total reserved 2019328K, committed 66560K, used 57212K [0x0000000084c00000, 0x0000000100000000)
  region size 1024K, 29 young (29696K), 4 survivors (4096K)
 Metaspace       used 34193K, committed 34752K, reserved 1114112K
  class space    used 4241K, committed 4480K, reserved 1048576K
}
Event: 5.619 GC heap after
{Heap after GC invocations=13 (full 0):
 garbage-first heap   total reserved 2019328K, committed 66560K, used 31957K [0x0000000084c00000, 0x0000000100000000)
  region size 1024K, 3 young (3072K), 3 survivors (3072K)
 Metaspace       used 34193K, committed 34752K, reserved 1114112K
  class space    used 4241K, committed 4480K, reserved 1048576K
}
Event: 5.826 GC heap before
{Heap before GC invocations=13 (full 0):
 garbage-first heap   total reserved 2019328K, committed 66560K, used 44245K [0x0000000084c00000, 0x0000000100000000)
  region size 1024K, 17 young (17408K), 3 survivors (3072K)
 Metaspace       used 35431K, committed 36096K, reserved 1114112K
  class space    used 4484K, committed 4736K, reserved 1048576K
}
Event: 5.830 GC heap after
{Heap after GC invocations=14 (full 0):
 garbage-first heap   total reserved 2019328K, committed 92160K, used 32719K [0x0000000084c00000, 0x0000000100000000)
  region size 1024K, 2 young (2048K), 2 survivors (2048K)
 Metaspace       used 35431K, committed 36096K, reserved 1114112K
  class space    used 4484K, committed 4736K, reserved 1048576K
}
Event: 21.184 GC heap before
{Heap before GC invocations=15 (full 0):
 garbage-first heap   total reserved 2019328K, committed 92160K, used 80847K [0x0000000084c00000, 0x0000000100000000)
  region size 1024K, 50 young (51200K), 2 survivors (2048K)
 Metaspace       used 43337K, committed 44160K, reserved 1114112K
  class space    used 6114K, committed 6464K, reserved 1048576K
}
Event: 21.554 GC heap after
{Heap after GC invocations=16 (full 0):
 garbage-first heap   total reserved 2019328K, committed 92160K, used 36935K [0x0000000084c00000, 0x0000000100000000)
  region size 1024K, 6 young (6144K), 6 survivors (6144K)
 Metaspace       used 43337K, committed 44160K, reserved 1114112K
  class space    used 6114K, committed 6464K, reserved 1048576K
}
Event: 41.755 GC heap before
{Heap before GC invocations=16 (full 0):
 garbage-first heap   total reserved 2019328K, committed 92160K, used 65607K [0x0000000084c00000, 0x0000000100000000)
  region size 1024K, 35 young (35840K), 6 survivors (6144K)
 Metaspace       used 44265K, committed 45120K, reserved 1114112K
  class space    used 6233K, committed 6592K, reserved 1048576K
}
Event: 41.876 GC heap after
{Heap after GC invocations=17 (full 0):
 garbage-first heap   total reserved 2019328K, committed 92160K, used 38538K [0x0000000084c00000, 0x0000000100000000)
  region size 1024K, 3 young (3072K), 3 survivors (3072K)
 Metaspace       used 44265K, committed 45120K, reserved 1114112K
  class space    used 6233K, committed 6592K, reserved 1048576K
}

