# JRE version: OpenJDK Runtime Environment Temurin-23.0.1+11 (23.0.1+11) (build 23.0.1+11)
# Java VM: OpenJDK 64-Bit Server VM Temurin-23.0.1+11 (23.0.1+11, mixed mode, sharing, tiered, compressed oops, compressed class ptrs, g1 gc, windows-amd64)
GC Precious Log:
 CardTable entry size: 512
 Card Set container configuration: InlinePtr #cards 5 size 8 Array Of Cards #cards 10 size 36 Howl #buckets 4 coarsen threshold 1843 Howl Bitmap #cards 512 size 80 coarsen threshold 460 Card regions per heap region 1 cards per card region 2048
 CPUs: 8 total, 8 available
 Memory: 7885M
 Large Page Support: Disabled
 NUMA Support: Disabled
 Compressed Oops: Enabled (32-bit)
 Heap Region Size: 1M
 Heap Min Capacity: 8M
 Heap Initial Capacity: 124M
 Heap Max Capacity: 1972M
 Pre-touch: Disabled
 Parallel Workers: 8
 Concurrent Workers: 2
 Concurrent Refinement Workers: 8
 Periodic GC: Disabled
Heap:
 garbage-first heap   total reserved 2019328K, committed 79872K, used 55813K [0x0000000084c00000, 0x0000000100000000)
  region size 1024K, 20 young (20480K), 3 survivors (3072K)
 Metaspace       used 51966K, committed 52480K, reserved 1114112K
  class space    used 7010K, committed 7232K, reserved 1048576K
GC Heap History (20 events):
Event: 8.944 GC heap before
{Heap before GC invocations=10 (full 0):
 garbage-first heap   total reserved 2019328K, committed 66560K, used 55117K [0x0000000084c00000, 0x0000000100000000)
  region size 1024K, 32 young (32768K), 3 survivors (3072K)
 Metaspace       used 35367K, committed 35776K, reserved 1114112K
  class space    used 4277K, committed 4416K, reserved 1048576K
}
Event: 8.950 GC heap after
{Heap after GC invocations=11 (full 0):
 garbage-first heap   total reserved 2019328K, committed 66560K, used 28591K [0x0000000084c00000, 0x0000000100000000)
  region size 1024K, 4 young (4096K), 4 survivors (4096K)
 Metaspace       used 35367K, committed 35776K, reserved 1114112K
  class space    used 4277K, committed 4416K, reserved 1048576K
}
Event: 8.977 GC heap before
{Heap before GC invocations=11 (full 0):
 garbage-first heap   total reserved 2019328K, committed 66560K, used 29615K [0x0000000084c00000, 0x0000000100000000)
  region size 1024K, 6 young (6144K), 4 survivors (4096K)
 Metaspace       used 35589K, committed 35968K, reserved 1114112K
  class space    used 4311K, committed 4480K, reserved 1048576K
}
Event: 8.981 GC heap after
{Heap after GC invocations=12 (full 0):
 garbage-first heap   total reserved 2019328K, committed 66560K, used 28794K [0x0000000084c00000, 0x0000000100000000)
  region size 1024K, 3 young (3072K), 3 survivors (3072K)
 Metaspace       used 35589K, committed 35968K, reserved 1114112K
  class space    used 4311K, committed 4480K, reserved 1048576K
}
Event: 17.697 GC heap before
{Heap before GC invocations=13 (full 0):
 garbage-first heap   total reserved 2019328K, committed 66560K, used 57466K [0x0000000084c00000, 0x0000000100000000)
  region size 1024K, 32 young (32768K), 3 survivors (3072K)
 Metaspace       used 40965K, committed 41728K, reserved 1114112K
  class space    used 5658K, committed 5952K, reserved 1048576K
}
Event: 17.705 GC heap after
{Heap after GC invocations=14 (full 0):
 garbage-first heap   total reserved 2019328K, committed 66560K, used 30866K [0x0000000084c00000, 0x0000000100000000)
  region size 1024K, 4 young (4096K), 4 survivors (4096K)
 Metaspace       used 40965K, committed 41728K, reserved 1114112K
  class space    used 5658K, committed 5952K, reserved 1048576K
}
Event: 20.682 GC heap before
{Heap before GC invocations=14 (full 0):
 garbage-first heap   total reserved 2019328K, committed 66560K, used 56466K [0x0000000084c00000, 0x0000000100000000)
  region size 1024K, 30 young (30720K), 4 survivors (4096K)
 Metaspace       used 43742K, committed 44672K, reserved 1114112K
  class space    used 6064K, committed 6464K, reserved 1048576K
}
Event: 20.689 GC heap after
{Heap after GC invocations=15 (full 0):
 garbage-first heap   total reserved 2019328K, committed 66560K, used 32908K [0x0000000084c00000, 0x0000000100000000)
  region size 1024K, 3 young (3072K), 3 survivors (3072K)
 Metaspace       used 43742K, committed 44672K, reserved 1114112K
  class space    used 6064K, committed 6464K, reserved 1048576K
}
Event: 21.290 GC heap before
{Heap before GC invocations=15 (full 0):
 garbage-first heap   total reserved 2019328K, committed 66560K, used 57484K [0x0000000084c00000, 0x0000000100000000)
  region size 1024K, 28 young (28672K), 3 survivors (3072K)
 Metaspace       used 45129K, committed 46016K, reserved 1114112K
  class space    used 6238K, committed 6592K, reserved 1048576K
}
Event: 21.295 GC heap after
{Heap after GC invocations=16 (full 0):
 garbage-first heap   total reserved 2019328K, committed 66560K, used 35253K [0x0000000084c00000, 0x0000000100000000)
  region size 1024K, 3 young (3072K), 3 survivors (3072K)
 Metaspace       used 45129K, committed 46016K, reserved 1114112K
  class space    used 6238K, committed 6592K, reserved 1048576K
}
Event: 28.952 GC heap before
{Heap before GC invocations=17 (full 0):
 garbage-first heap   total reserved 2019328K, committed 66560K, used 56757K [0x0000000084c00000, 0x0000000100000000)
  region size 1024K, 25 young (25600K), 3 survivors (3072K)
 Metaspace       used 45006K, committed 46144K, reserved 1114112K
  class space    used 6129K, committed 6592K, reserved 1048576K
}
Event: 28.958 GC heap after
{Heap after GC invocations=18 (full 0):
 garbage-first heap   total reserved 2019328K, committed 66560K, used 38432K [0x0000000084c00000, 0x0000000100000000)
  region size 1024K, 3 young (3072K), 3 survivors (3072K)
 Metaspace       used 45006K, committed 46144K, reserved 1114112K
  class space    used 6129K, committed 6592K, reserved 1048576K
}
Event: 37.260 GC heap before
{Heap before GC invocations=18 (full 0):
 garbage-first heap   total reserved 2019328K, committed 66560K, used 56864K [0x0000000084c00000, 0x0000000100000000)
  region size 1024K, 22 young (22528K), 3 survivors (3072K)
 Metaspace       used 47427K, committed 48000K, reserved 1114112K
  class space    used 6426K, committed 6656K, reserved 1048576K
}
Event: 37.284 GC heap after
{Heap after GC invocations=19 (full 0):
 garbage-first heap   total reserved 2019328K, committed 66560K, used 38196K [0x0000000084c00000, 0x0000000100000000)
  region size 1024K, 2 young (2048K), 2 survivors (2048K)
 Metaspace       used 47427K, committed 48000K, reserved 1114112K
  class space    used 6426K, committed 6656K, reserved 1048576K
}
Event: 39.656 GC heap before
{Heap before GC invocations=19 (full 0):
 garbage-first heap   total reserved 2019328K, committed 66560K, used 58676K [0x0000000084c00000, 0x0000000100000000)
  region size 1024K, 23 young (23552K), 2 survivors (2048K)
 Metaspace       used 49299K, committed 49856K, reserved 1114112K
  class space    used 6666K, committed 6912K, reserved 1048576K
}
Event: 39.683 GC heap after
{Heap after GC invocations=20 (full 0):
 garbage-first heap   total reserved 2019328K, committed 66560K, used 39007K [0x0000000084c00000, 0x0000000100000000)
  region size 1024K, 3 young (3072K), 3 survivors (3072K)
 Metaspace       used 49299K, committed 49856K, reserved 1114112K
  class space    used 6666K, committed 6912K, reserved 1048576K
}
Event: 40.020 GC heap before
{Heap before GC invocations=21 (full 0):
 garbage-first heap   total reserved 2019328K, committed 66560K, used 58463K [0x0000000084c00000, 0x0000000100000000)
  region size 1024K, 22 young (22528K), 3 survivors (3072K)
 Metaspace       used 49272K, committed 49856K, reserved 1114112K
  class space    used 6657K, committed 6912K, reserved 1048576K
}
Event: 40.026 GC heap after
{Heap after GC invocations=22 (full 0):
 garbage-first heap   total reserved 2019328K, committed 66560K, used 39642K [0x0000000084c00000, 0x0000000100000000)
  region size 1024K, 2 young (2048K), 2 survivors (2048K)
 Metaspace       used 49272K, committed 49856K, reserved 1114112K
  class space    used 6657K, committed 6912K, reserved 1048576K
}
Event: 41.063 GC heap before
{Heap before GC invocations=22 (full 0):
 garbage-first heap   total reserved 2019328K, committed 66560K, used 58074K [0x0000000084c00000, 0x0000000100000000)
  region size 1024K, 21 young (21504K), 2 survivors (2048K)
 Metaspace       used 50957K, committed 51520K, reserved 1114112K
  class space    used 6878K, committed 7104K, reserved 1048576K
}
Event: 41.076 GC heap after
{Heap after GC invocations=23 (full 0):
 garbage-first heap   total reserved 2019328K, committed 79872K, used 40453K [0x0000000084c00000, 0x0000000100000000)
  region size 1024K, 3 young (3072K), 3 survivors (3072K)
 Metaspace       used 50957K, committed 51520K, reserved 1114112K
  class space    used 6878K, committed 7104K, reserved 1048576K
}

